<?xml version="1.0" encoding="UTF-8"?>
<testsuite xmlns:xsi="http://www.w3.org/2001/XMLSchema-instance" xsi:noNamespaceSchemaLocation="https://maven.apache.org/surefire/maven-surefire-plugin/xsd/surefire-test-report.xsd" name="com.belkacem.todolistbackend.TodoControllerIntegrationTest" time="12.221" tests="1" errors="0" skipped="0" failures="1">
  <properties>
[...]
</properties>
  <testcase name="shouldReturnListOTodos" classname="com.belkacem.todolistbackend.TodoControllerIntegrationTest" time="0.648">
    <failure message="No value at JSON path &quot;$[0].title&quot;" type="java.lang.AssertionError">java.lang.AssertionError: No value at JSON path "$[0].title"
	at com.belkacem.todolistbackend.TodoControllerIntegrationTest.shouldReturnListOTodos(TodoControllerIntegrationTest.java:25)
Caused by: com.jayway.jsonpath.PathNotFoundException: No results for path: $[0]['title']
</failure>
    <system-out><![CDATA[14:01:26.801 [main] DEBUG org.springframework.test.context.BootstrapUtils - Instantiating CacheAwareContextLoaderDelegate from class [org.springframework.test.context.cache.DefaultCacheAwareContextLoaderDelegate]
14:01:26.825 [main] DEBUG org.springframework.test.context.BootstrapUtils - Instantiating BootstrapContext using constructor [public org.springframework.test.context.support.DefaultBootstrapContext(java.lang.Class,org.springframework.test.context.CacheAwareContextLoaderDelegate)]
14:01:26.888 [main] DEBUG org.springframework.test.context.BootstrapUtils - Instantiating TestContextBootstrapper for test class [com.belkacem.todolistbackend.TodoControllerIntegrationTest] from class [org.springframework.boot.test.context.SpringBootTestContextBootstrapper]
14:01:26.908 [main] INFO org.springframework.boot.test.context.SpringBootTestContextBootstrapper - Neither @ContextConfiguration nor @ContextHierarchy found for test class [com.belkacem.todolistbackend.TodoControllerIntegrationTest], using SpringBootContextLoader
14:01:26.917 [main] DEBUG org.springframework.test.context.support.AbstractContextLoader - Did not detect default resource location for test class [com.belkacem.todolistbackend.TodoControllerIntegrationTest]: class path resource [com/belkacem/todolistbackend/TodoControllerIntegrationTest-context.xml] does not exist
14:01:26.917 [main] DEBUG org.springframework.test.context.support.AbstractContextLoader - Did not detect default resource location for test class [com.belkacem.todolistbackend.TodoControllerIntegrationTest]: class path resource [com/belkacem/todolistbackend/TodoControllerIntegrationTestContext.groovy] does not exist
14:01:26.918 [main] INFO org.springframework.test.context.support.AbstractContextLoader - Could not detect default resource locations for test class [com.belkacem.todolistbackend.TodoControllerIntegrationTest]: no resource found for suffixes {-context.xml, Context.groovy}.
14:01:26.920 [main] INFO org.springframework.test.context.support.AnnotationConfigContextLoaderUtils - Could not detect default configuration classes for test class [com.belkacem.todolistbackend.TodoControllerIntegrationTest]: TodoControllerIntegrationTest does not declare any static, non-private, non-final, nested classes annotated with @Configuration.
14:01:27.020 [main] DEBUG org.springframework.test.context.support.ActiveProfilesUtils - Could not find an 'annotation declaring class' for annotation type [org.springframework.test.context.ActiveProfiles] and class [com.belkacem.todolistbackend.TodoControllerIntegrationTest]
14:01:27.187 [main] DEBUG org.springframework.context.annotation.ClassPathScanningCandidateComponentProvider - Identified candidate component class: file [C:\Users\Asus\eclipse-workspace\todo-list-app\todo-list-backend\target\classes\com\belkacem\todolistbackend\TodoListBackendApplication.class]
14:01:27.189 [main] INFO org.springframework.boot.test.context.SpringBootTestContextBootstrapper - Found @SpringBootConfiguration com.belkacem.todolistbackend.TodoListBackendApplication for test class com.belkacem.todolistbackend.TodoControllerIntegrationTest
14:01:27.409 [main] DEBUG org.springframework.boot.test.context.SpringBootTestContextBootstrapper - @TestExecutionListeners is not present for class [com.belkacem.todolistbackend.TodoControllerIntegrationTest]: using defaults.
14:01:27.411 [main] INFO org.springframework.boot.test.context.SpringBootTestContextBootstrapper - Loaded default TestExecutionListener class names from location [META-INF/spring.factories]: [org.springframework.boot.test.mock.mockito.MockitoTestExecutionListener, org.springframework.boot.test.mock.mockito.ResetMocksTestExecutionListener, org.springframework.boot.test.autoconfigure.restdocs.RestDocsTestExecutionListener, org.springframework.boot.test.autoconfigure.web.client.MockRestServiceServerResetTestExecutionListener, org.springframework.boot.test.autoconfigure.web.servlet.MockMvcPrintOnlyOnFailureTestExecutionListener, org.springframework.boot.test.autoconfigure.web.servlet.WebDriverTestExecutionListener, org.springframework.boot.test.autoconfigure.webservices.client.MockWebServiceServerTestExecutionListener, org.springframework.test.context.web.ServletTestExecutionListener, org.springframework.test.context.support.DirtiesContextBeforeModesTestExecutionListener, org.springframework.test.context.event.ApplicationEventsTestExecutionListener, org.springframework.test.context.support.DependencyInjectionTestExecutionListener, org.springframework.test.context.support.DirtiesContextTestExecutionListener, org.springframework.test.context.transaction.TransactionalTestExecutionListener, org.springframework.test.context.jdbc.SqlScriptsTestExecutionListener, org.springframework.test.context.event.EventPublishingTestExecutionListener]
14:01:27.465 [main] INFO org.springframework.boot.test.context.SpringBootTestContextBootstrapper - Using TestExecutionListeners: [org.springframework.test.context.web.ServletTestExecutionListener@6e2829c7, org.springframework.test.context.support.DirtiesContextBeforeModesTestExecutionListener@3feb2dda, org.springframework.test.context.event.ApplicationEventsTestExecutionListener@6a8658ff, org.springframework.boot.test.mock.mockito.MockitoTestExecutionListener@1c742ed4, org.springframework.boot.test.autoconfigure.SpringBootDependencyInjectionTestExecutionListener@333d4a8c, org.springframework.test.context.support.DirtiesContextTestExecutionListener@55de24cc, org.springframework.test.context.transaction.TransactionalTestExecutionListener@dc7df28, org.springframework.test.context.jdbc.SqlScriptsTestExecutionListener@30f842ca, org.springframework.test.context.event.EventPublishingTestExecutionListener@69c81773, org.springframework.boot.test.mock.mockito.ResetMocksTestExecutionListener@4d14b6c2, org.springframework.boot.test.autoconfigure.restdocs.RestDocsTestExecutionListener@7e990ed7, org.springframework.boot.test.autoconfigure.web.client.MockRestServiceServerResetTestExecutionListener@c05fddc, org.springframework.boot.test.autoconfigure.web.servlet.MockMvcPrintOnlyOnFailureTestExecutionListener@25df00a0, org.springframework.boot.test.autoconfigure.web.servlet.WebDriverTestExecutionListener@4d15107f, org.springframework.boot.test.autoconfigure.webservices.client.MockWebServiceServerTestExecutionListener@7b4c50bc]
14:01:27.522 [main] DEBUG org.springframework.test.context.support.AbstractDirtiesContextTestExecutionListener - Before test class: context [DefaultTestContext@1b1cfb87 testClass = TodoControllerIntegrationTest, testInstance = [null], testMethod = [null], testException = [null], mergedContextConfiguration = [WebMergedContextConfiguration@821330f testClass = TodoControllerIntegrationTest, locations = '{}', classes = '{class com.belkacem.todolistbackend.TodoListBackendApplication}', contextInitializerClasses = '[]', activeProfiles = '{}', propertySourceLocations = '{}', propertySourceProperties = '{org.springframework.boot.test.context.SpringBootTestContextBootstrapper=true}', contextCustomizers = set[[ImportsContextCustomizer@6f43c82 key = [org.springframework.boot.test.autoconfigure.web.servlet.MockMvcAutoConfiguration, org.springframework.boot.test.autoconfigure.web.servlet.MockMvcWebClientAutoConfiguration, org.springframework.boot.test.autoconfigure.web.servlet.MockMvcWebDriverAutoConfiguration, org.springframework.boot.autoconfigure.security.oauth2.client.servlet.OAuth2ClientAutoConfiguration, org.springframework.boot.autoconfigure.security.oauth2.resource.servlet.OAuth2ResourceServerAutoConfiguration, org.springframework.boot.autoconfigure.security.servlet.SecurityAutoConfiguration, org.springframework.boot.autoconfigure.security.servlet.SecurityFilterAutoConfiguration, org.springframework.boot.autoconfigure.security.servlet.UserDetailsServiceAutoConfiguration, org.springframework.boot.test.autoconfigure.web.servlet.MockMvcSecurityConfiguration, org.springframework.boot.test.autoconfigure.web.reactive.WebTestClientAutoConfiguration]], org.springframework.boot.test.context.filter.ExcludeFilterContextCustomizer@3754a4bf, org.springframework.boot.test.json.DuplicateJsonObjectContextCustomizerFactory$DuplicateJsonObjectContextCustomizer@5b7a5baa, org.springframework.boot.test.mock.mockito.MockitoContextCustomizer@0, org.springframework.boot.test.web.client.TestRestTemplateContextCustomizer@3b69e7d1, org.springframework.boot.test.autoconfigure.actuate.metrics.MetricsExportContextCustomizerFactory$DisableMetricExportContextCustomizer@44c03695, org.springframework.boot.test.autoconfigure.properties.PropertyMappingContextCustomizer@4b3fa0b3, org.springframework.boot.test.autoconfigure.web.servlet.WebDriverContextCustomizerFactory$Customizer@233795b6, org.springframework.boot.test.context.SpringBootTestArgs@1, org.springframework.boot.test.context.SpringBootTestWebEnvironment@3532ec19], resourceBasePath = 'src/main/webapp', contextLoader = 'org.springframework.boot.test.context.SpringBootContextLoader', parent = [null]], attributes = map['org.springframework.test.context.web.ServletTestExecutionListener.activateListener' -> true]], class annotated with @DirtiesContext [false] with mode [null].

  .   ____          _            __ _ _
 /\\ / ___'_ __ _ _(_)_ __  __ _ \ \ \ \
( ( )\___ | '_ | '_| | '_ \/ _` | \ \ \ \
 \\/  ___)| |_)| | | | | || (_| |  ) ) ) )
  '  |____| .__|_| |_|_| |_\__, | / / / /
 =========|_|==============|___/=/_/_/_/
 :: Spring Boot ::                (v2.7.6)

2022-12-14 14:01:28.231  INFO 6904 --- [           main] c.b.t.TodoControllerIntegrationTest      : Starting TodoControllerIntegrationTest using Java 1.8.0_312 on DESKTOP-CTL0MVV with PID 6904 (started by Asus in C:\Users\Asus\eclipse-workspace\todo-list-app\todo-list-backend)
2022-12-14 14:01:28.234  INFO 6904 --- [           main] c.b.t.TodoControllerIntegrationTest      : No active profile set, falling back to 1 default profile: "default"
2022-12-14 14:01:29.964  INFO 6904 --- [           main] .s.d.r.c.RepositoryConfigurationDelegate : Bootstrapping Spring Data JPA repositories in DEFAULT mode.
2022-12-14 14:01:30.087  INFO 6904 --- [           main] .s.d.r.c.RepositoryConfigurationDelegate : Finished Spring Data repository scanning in 108 ms. Found 1 JPA repository interfaces.
2022-12-14 14:01:31.427  INFO 6904 --- [           main] com.zaxxer.hikari.HikariDataSource       : HikariPool-1 - Starting...
2022-12-14 14:01:31.978  INFO 6904 --- [           main] com.zaxxer.hikari.HikariDataSource       : HikariPool-1 - Start completed.
2022-12-14 14:01:32.171  INFO 6904 --- [           main] o.hibernate.jpa.internal.util.LogHelper  : HHH000204: Processing PersistenceUnitInfo [name: default]
2022-12-14 14:01:32.322  INFO 6904 --- [           main] org.hibernate.Version                    : HHH000412: Hibernate ORM core version 5.6.14.Final
2022-12-14 14:01:32.816  INFO 6904 --- [           main] o.hibernate.annotations.common.Version   : HCANN000001: Hibernate Commons Annotations {5.1.2.Final}
2022-12-14 14:01:33.577  INFO 6904 --- [           main] org.hibernate.dialect.Dialect            : HHH000400: Using dialect: org.hibernate.dialect.H2Dialect
2022-12-14 14:01:34.684  INFO 6904 --- [           main] o.h.e.t.j.p.i.JtaPlatformInitiator       : HHH000490: Using JtaPlatform implementation: [org.hibernate.engine.transaction.jta.platform.internal.NoJtaPlatform]
2022-12-14 14:01:34.705  INFO 6904 --- [           main] j.LocalContainerEntityManagerFactoryBean : Initialized JPA EntityManagerFactory for persistence unit 'default'
2022-12-14 14:01:36.231  WARN 6904 --- [           main] JpaBaseConfiguration$JpaWebConfiguration : spring.jpa.open-in-view is enabled by default. Therefore, database queries may be performed during view rendering. Explicitly configure spring.jpa.open-in-view to disable this warning
2022-12-14 14:01:37.037  INFO 6904 --- [           main] o.s.b.a.h2.H2ConsoleAutoConfiguration    : H2 console available at '/h2-console'. Database available at 'jdbc:h2:mem:tododb'
2022-12-14 14:01:38.135  INFO 6904 --- [           main] o.s.b.t.m.w.SpringBootMockServletContext : Initializing Spring TestDispatcherServlet ''
2022-12-14 14:01:38.136  INFO 6904 --- [           main] o.s.t.web.servlet.TestDispatcherServlet  : Initializing Servlet ''
2022-12-14 14:01:38.140  INFO 6904 --- [           main] o.s.t.web.servlet.TestDispatcherServlet  : Completed initialization in 3 ms
2022-12-14 14:01:38.203  INFO 6904 --- [           main] c.b.t.TodoControllerIntegrationTest      : Started TodoControllerIntegrationTest in 10.568 seconds (JVM running for 12.684)

MockHttpServletRequest:
      HTTP Method = GET
      Request URI = /api/todo/v1/todos
       Parameters = {}
          Headers = []
             Body = null
    Session Attrs = {}

Handler:
             Type = com.belkacem.todolistbackend.controller.TodoController
           Method = com.belkacem.todolistbackend.controller.TodoController#getTodoTODO()

Async:
    Async started = false
     Async result = null

Resolved Exception:
             Type = null

ModelAndView:
        View name = null
             View = null
            Model = null

FlashMap:
       Attributes = null

MockHttpServletResponse:
           Status = 200
    Error message = null
          Headers = [Vary:"Origin", "Access-Control-Request-Method", "Access-Control-Request-Headers", Content-Type:"application/json"]
     Content type = application/json
             Body = []
    Forwarded URL = null
   Redirected URL = null
          Cookies = []
]]></system-out>
  </testcase>
</testsuite>